# JRE version: OpenJDK Runtime Environment (15.0.2+7) (build 15.0.2+7-27)
# Java VM: OpenJDK 64-Bit Server VM (15.0.2+7-27, mixed mode, tiered, compressed oops, g1 gc, windows-amd64)
GC Precious Log:
 CPUs: 4 total, 4 available
 Memory: 3893M
 Large Page Support: Disabled
 NUMA Support: Disabled
 Compressed Oops: Enabled (32-bit)
 Heap Region Size: 1M
 Heap Min Capacity: 8M
 Heap Initial Capacity: 62M
 Heap Max Capacity: 974M
 Pre-touch: Disabled
 Parallel Workers: 4
 Concurrent Workers: 1
 Concurrent Refinement Workers: 4
 Periodic GC: Disabled
Heap:
 garbage-first heap   total 79872K, used 39999K [0x00000000c3200000, 0x0000000100000000)
  region size 1024K, 2 young (2048K), 1 survivors (1024K)
 Metaspace       used 40247K, capacity 40643K, committed 40832K, reserved 1085440K
  class space    used 4183K, capacity 4358K, committed 4480K, reserved 1048576K
GC Heap History (20 events):
Event: 10.742 GC heap before
{Heap before GC invocations=16 (full 0):
 garbage-first heap   total 44032K, used 31415K [0x00000000c3200000, 0x0000000100000000)
  region size 1024K, 15 young (15360K), 3 survivors (3072K)
 Metaspace       used 31609K, capacity 31947K, committed 32128K, reserved 1077248K
  class space    used 3222K, capacity 3344K, committed 3456K, reserved 1048576K
}
Event: 10.750 GC heap after
{Heap after GC invocations=17 (full 0):
 garbage-first heap   total 44032K, used 23426K [0x00000000c3200000, 0x0000000100000000)
  region size 1024K, 2 young (2048K), 2 survivors (2048K)
 Metaspace       used 31609K, capacity 31947K, committed 32128K, reserved 1077248K
  class space    used 3222K, capacity 3344K, committed 3456K, reserved 1048576K
}
Event: 10.791 GC heap before
{Heap before GC invocations=17 (full 0):
 garbage-first heap   total 44032K, used 25474K [0x00000000c3200000, 0x0000000100000000)
  region size 1024K, 5 young (5120K), 2 survivors (2048K)
 Metaspace       used 31614K, capacity 31947K, committed 32128K, reserved 1077248K
  class space    used 3222K, capacity 3344K, committed 3456K, reserved 1048576K
}
Event: 10.796 GC heap after
{Heap after GC invocations=18 (full 0):
 garbage-first heap   total 53248K, used 24403K [0x00000000c3200000, 0x0000000100000000)
  region size 1024K, 1 young (1024K), 1 survivors (1024K)
 Metaspace       used 31614K, capacity 31947K, committed 32128K, reserved 1077248K
  class space    used 3222K, capacity 3344K, committed 3456K, reserved 1048576K
}
Event: 10.925 GC heap before
{Heap before GC invocations=19 (full 0):
 garbage-first heap   total 53248K, used 36691K [0x00000000c3200000, 0x0000000100000000)
  region size 1024K, 13 young (13312K), 1 survivors (1024K)
 Metaspace       used 31614K, capacity 31947K, committed 32128K, reserved 1077248K
  class space    used 3222K, capacity 3344K, committed 3456K, reserved 1048576K
}
Event: 10.932 GC heap after
{Heap after GC invocations=20 (full 0):
 garbage-first heap   total 53248K, used 28770K [0x00000000c3200000, 0x0000000100000000)
  region size 1024K, 2 young (2048K), 2 survivors (2048K)
 Metaspace       used 31614K, capacity 31947K, committed 32128K, reserved 1077248K
  class space    used 3222K, capacity 3344K, committed 3456K, reserved 1048576K
}
Event: 13.844 GC heap before
{Heap before GC invocations=20 (full 0):
 garbage-first heap   total 53248K, used 37986K [0x00000000c3200000, 0x0000000100000000)
  region size 1024K, 12 young (12288K), 2 survivors (2048K)
 Metaspace       used 31614K, capacity 31947K, committed 32128K, reserved 1077248K
  class space    used 3222K, capacity 3344K, committed 3456K, reserved 1048576K
}
Event: 13.851 GC heap after
{Heap after GC invocations=21 (full 0):
 garbage-first heap   total 53248K, used 31842K [0x00000000c3200000, 0x0000000100000000)
  region size 1024K, 2 young (2048K), 2 survivors (2048K)
 Metaspace       used 31614K, capacity 31947K, committed 32128K, reserved 1077248K
  class space    used 3222K, capacity 3344K, committed 3456K, reserved 1048576K
}
Event: 14.181 GC heap before
{Heap before GC invocations=22 (full 0):
 garbage-first heap   total 61440K, used 39010K [0x00000000c3200000, 0x0000000100000000)
  region size 1024K, 9 young (9216K), 2 survivors (2048K)
 Metaspace       used 31624K, capacity 31947K, committed 32128K, reserved 1077248K
  class space    used 3222K, capacity 3344K, committed 3456K, reserved 1048576K
}
Event: 14.185 GC heap after
{Heap after GC invocations=23 (full 0):
 garbage-first heap   total 61440K, used 33087K [0x00000000c3200000, 0x0000000100000000)
  region size 1024K, 2 young (2048K), 2 survivors (2048K)
 Metaspace       used 31624K, capacity 31947K, committed 32128K, reserved 1077248K
  class space    used 3222K, capacity 3344K, committed 3456K, reserved 1048576K
}
Event: 14.491 GC heap before
{Heap before GC invocations=23 (full 0):
 garbage-first heap   total 61440K, used 44351K [0x00000000c3200000, 0x0000000100000000)
  region size 1024K, 13 young (13312K), 2 survivors (2048K)
 Metaspace       used 31689K, capacity 32011K, committed 32128K, reserved 1077248K
  class space    used 3223K, capacity 3344K, committed 3456K, reserved 1048576K
}
Event: 14.506 GC heap after
{Heap after GC invocations=24 (full 0):
 garbage-first heap   total 61440K, used 36659K [0x00000000c3200000, 0x0000000100000000)
  region size 1024K, 2 young (2048K), 2 survivors (2048K)
 Metaspace       used 31689K, capacity 32011K, committed 32128K, reserved 1077248K
  class space    used 3223K, capacity 3344K, committed 3456K, reserved 1048576K
}
Event: 14.938 GC heap before
{Heap before GC invocations=25 (full 0):
 garbage-first heap   total 66560K, used 45875K [0x00000000c3200000, 0x0000000100000000)
  region size 1024K, 11 young (11264K), 2 survivors (2048K)
 Metaspace       used 32416K, capacity 32832K, committed 32896K, reserved 1079296K
  class space    used 3306K, capacity 3447K, committed 3456K, reserved 1048576K
}
Event: 14.950 GC heap after
{Heap after GC invocations=26 (full 0):
 garbage-first heap   total 66560K, used 38331K [0x00000000c3200000, 0x0000000100000000)
  region size 1024K, 2 young (2048K), 2 survivors (2048K)
 Metaspace       used 32416K, capacity 32832K, committed 32896K, reserved 1079296K
  class space    used 3306K, capacity 3447K, committed 3456K, reserved 1048576K
}
Event: 14.973 GC heap before
{Heap before GC invocations=26 (full 0):
 garbage-first heap   total 66560K, used 39355K [0x00000000c3200000, 0x0000000100000000)
  region size 1024K, 3 young (3072K), 2 survivors (2048K)
 Metaspace       used 32496K, capacity 32864K, committed 33024K, reserved 1079296K
  class space    used 3319K, capacity 3479K, committed 3584K, reserved 1048576K
}
Event: 14.988 GC heap after
{Heap after GC invocations=27 (full 0):
 garbage-first heap   total 79872K, used 36101K [0x00000000c3200000, 0x0000000100000000)
  region size 1024K, 1 young (1024K), 1 survivors (1024K)
 Metaspace       used 32496K, capacity 32864K, committed 33024K, reserved 1079296K
  class space    used 3319K, capacity 3479K, committed 3584K, reserved 1048576K
}
Event: 17.649 GC heap before
{Heap before GC invocations=27 (full 0):
 garbage-first heap   total 79872K, used 55557K [0x00000000c3200000, 0x0000000100000000)
  region size 1024K, 21 young (21504K), 1 survivors (1024K)
 Metaspace       used 39091K, capacity 39491K, committed 39680K, reserved 1085440K
  class space    used 4059K, capacity 4230K, committed 4352K, reserved 1048576K
}
Event: 17.662 GC heap after
{Heap after GC invocations=28 (full 0):
 garbage-first heap   total 79872K, used 37380K [0x00000000c3200000, 0x0000000100000000)
  region size 1024K, 3 young (3072K), 3 survivors (3072K)
 Metaspace       used 39091K, capacity 39491K, committed 39680K, reserved 1085440K
  class space    used 4059K, capacity 4230K, committed 4352K, reserved 1048576K
}
Event: 19.431 GC heap before
{Heap before GC invocations=28 (full 0):
 garbage-first heap   total 79872K, used 41476K [0x00000000c3200000, 0x0000000100000000)
  region size 1024K, 6 young (6144K), 3 survivors (3072K)
 Metaspace       used 40098K, capacity 40547K, committed 40704K, reserved 1085440K
  class space    used 4167K, capacity 4326K, committed 4352K, reserved 1048576K
}
Event: 19.437 GC heap after
{Heap after GC invocations=29 (full 0):
 garbage-first heap   total 79872K, used 37951K [0x00000000c3200000, 0x0000000100000000)
  region size 1024K, 1 young (1024K), 1 survivors (1024K)
 Metaspace       used 40098K, capacity 40547K, committed 40704K, reserved 1085440K
  class space    used 4167K, capacity 4326K, committed 4352K, reserved 1048576K
}

