# JRE version: OpenJDK Runtime Environment (15.0.2+7) (build 15.0.2+7-27)
# Java VM: OpenJDK 64-Bit Server VM (15.0.2+7-27, mixed mode, tiered, compressed oops, g1 gc, windows-amd64)
GC Precious Log:
 CPUs: 4 total, 4 available
 Memory: 3893M
 Large Page Support: Disabled
 NUMA Support: Disabled
 Compressed Oops: Enabled (32-bit)
 Heap Region Size: 1M
 Heap Min Capacity: 8M
 Heap Initial Capacity: 62M
 Heap Max Capacity: 974M
 Pre-touch: Disabled
 Parallel Workers: 4
 Concurrent Workers: 1
 Concurrent Refinement Workers: 4
 Periodic GC: Disabled
Heap:
 garbage-first heap   total 33792K, used 24281K [0x00000000c3200000, 0x0000000100000000)
  region size 1024K, 5 young (5120K), 1 survivors (1024K)
 Metaspace       used 30760K, capacity 31201K, committed 31488K, reserved 1077248K
  class space    used 3155K, capacity 3287K, committed 3328K, reserved 1048576K
GC Heap History (20 events):
Event: 7.252 GC heap before
{Heap before GC invocations=10 (full 0):
 garbage-first heap   total 27648K, used 18513K [0x00000000c3200000, 0x0000000100000000)
  region size 1024K, 12 young (12288K), 2 survivors (2048K)
 Metaspace       used 21929K, capacity 22227K, committed 22272K, reserved 1069056K
  class space    used 2172K, capacity 2277K, committed 2304K, reserved 1048576K
}
Event: 7.258 GC heap after
{Heap after GC invocations=11 (full 0):
 garbage-first heap   total 27648K, used 9895K [0x00000000c3200000, 0x0000000100000000)
  region size 1024K, 2 young (2048K), 2 survivors (2048K)
 Metaspace       used 21929K, capacity 22227K, committed 22272K, reserved 1069056K
  class space    used 2172K, capacity 2277K, committed 2304K, reserved 1048576K
}
Event: 8.065 GC heap before
{Heap before GC invocations=11 (full 0):
 garbage-first heap   total 27648K, used 20135K [0x00000000c3200000, 0x0000000100000000)
  region size 1024K, 12 young (12288K), 2 survivors (2048K)
 Metaspace       used 22342K, capacity 22663K, committed 22912K, reserved 1069056K
  class space    used 2212K, capacity 2313K, committed 2432K, reserved 1048576K
}
Event: 8.073 GC heap after
{Heap after GC invocations=12 (full 0):
 garbage-first heap   total 27648K, used 10424K [0x00000000c3200000, 0x0000000100000000)
  region size 1024K, 2 young (2048K), 2 survivors (2048K)
 Metaspace       used 22342K, capacity 22663K, committed 22912K, reserved 1069056K
  class space    used 2212K, capacity 2313K, committed 2432K, reserved 1048576K
}
Event: 9.022 GC heap before
{Heap before GC invocations=12 (full 0):
 garbage-first heap   total 27648K, used 20664K [0x00000000c3200000, 0x0000000100000000)
  region size 1024K, 12 young (12288K), 2 survivors (2048K)
 Metaspace       used 22620K, capacity 22975K, committed 23168K, reserved 1071104K
  class space    used 2242K, capacity 2353K, committed 2432K, reserved 1048576K
}
Event: 9.028 GC heap after
{Heap after GC invocations=13 (full 0):
 garbage-first heap   total 27648K, used 10782K [0x00000000c3200000, 0x0000000100000000)
  region size 1024K, 1 young (1024K), 1 survivors (1024K)
 Metaspace       used 22620K, capacity 22975K, committed 23168K, reserved 1071104K
  class space    used 2242K, capacity 2353K, committed 2432K, reserved 1048576K
}
Event: 9.905 GC heap before
{Heap before GC invocations=13 (full 0):
 garbage-first heap   total 27648K, used 21022K [0x00000000c3200000, 0x0000000100000000)
  region size 1024K, 11 young (11264K), 1 survivors (1024K)
 Metaspace       used 23023K, capacity 23398K, committed 23680K, reserved 1071104K
  class space    used 2274K, capacity 2390K, committed 2432K, reserved 1048576K
}
Event: 9.910 GC heap after
{Heap after GC invocations=14 (full 0):
 garbage-first heap   total 33792K, used 11421K [0x00000000c3200000, 0x0000000100000000)
  region size 1024K, 2 young (2048K), 2 survivors (2048K)
 Metaspace       used 23023K, capacity 23398K, committed 23680K, reserved 1071104K
  class space    used 2274K, capacity 2390K, committed 2432K, reserved 1048576K
}
Event: 11.109 GC heap before
{Heap before GC invocations=14 (full 0):
 garbage-first heap   total 33792K, used 23709K [0x00000000c3200000, 0x0000000100000000)
  region size 1024K, 15 young (15360K), 2 survivors (2048K)
 Metaspace       used 24885K, capacity 25320K, committed 25472K, reserved 1073152K
  class space    used 2478K, capacity 2628K, committed 2688K, reserved 1048576K
}
Event: 11.115 GC heap after
{Heap after GC invocations=15 (full 0):
 garbage-first heap   total 33792K, used 12115K [0x00000000c3200000, 0x0000000100000000)
  region size 1024K, 2 young (2048K), 2 survivors (2048K)
 Metaspace       used 24885K, capacity 25320K, committed 25472K, reserved 1073152K
  class space    used 2478K, capacity 2628K, committed 2688K, reserved 1048576K
}
Event: 11.374 GC heap before
{Heap before GC invocations=15 (full 0):
 garbage-first heap   total 33792K, used 25427K [0x00000000c3200000, 0x0000000100000000)
  region size 1024K, 14 young (14336K), 2 survivors (2048K)
 Metaspace       used 25099K, capacity 25518K, committed 25728K, reserved 1073152K
  class space    used 2500K, capacity 2630K, committed 2688K, reserved 1048576K
}
Event: 11.379 GC heap after
{Heap after GC invocations=16 (full 0):
 garbage-first heap   total 33792K, used 14297K [0x00000000c3200000, 0x0000000100000000)
  region size 1024K, 2 young (2048K), 2 survivors (2048K)
 Metaspace       used 25099K, capacity 25518K, committed 25728K, reserved 1073152K
  class space    used 2500K, capacity 2630K, committed 2688K, reserved 1048576K
}
Event: 11.847 GC heap before
{Heap before GC invocations=16 (full 0):
 garbage-first heap   total 33792K, used 24537K [0x00000000c3200000, 0x0000000100000000)
  region size 1024K, 13 young (13312K), 2 survivors (2048K)
 Metaspace       used 26102K, capacity 26610K, committed 26624K, reserved 1073152K
  class space    used 2654K, capacity 2802K, committed 2816K, reserved 1048576K
}
Event: 11.851 GC heap after
{Heap after GC invocations=17 (full 0):
 garbage-first heap   total 33792K, used 12460K [0x00000000c3200000, 0x0000000100000000)
  region size 1024K, 1 young (1024K), 1 survivors (1024K)
 Metaspace       used 26102K, capacity 26610K, committed 26624K, reserved 1073152K
  class space    used 2654K, capacity 2802K, committed 2816K, reserved 1048576K
}
Event: 12.274 GC heap before
{Heap before GC invocations=17 (full 0):
 garbage-first heap   total 33792K, used 23724K [0x00000000c3200000, 0x0000000100000000)
  region size 1024K, 13 young (13312K), 1 survivors (1024K)
 Metaspace       used 28998K, capacity 29467K, committed 29824K, reserved 1075200K
  class space    used 2968K, capacity 3093K, committed 3200K, reserved 1048576K
}
Event: 12.278 GC heap after
{Heap after GC invocations=18 (full 0):
 garbage-first heap   total 33792K, used 13228K [0x00000000c3200000, 0x0000000100000000)
  region size 1024K, 2 young (2048K), 2 survivors (2048K)
 Metaspace       used 28998K, capacity 29467K, committed 29824K, reserved 1075200K
  class space    used 2968K, capacity 3093K, committed 3200K, reserved 1048576K
}
Event: 12.543 GC heap before
{Heap before GC invocations=18 (full 0):
 garbage-first heap   total 33792K, used 25516K [0x00000000c3200000, 0x0000000100000000)
  region size 1024K, 13 young (13312K), 2 survivors (2048K)
 Metaspace       used 30025K, capacity 30494K, committed 30720K, reserved 1077248K
  class space    used 3100K, capacity 3222K, committed 3328K, reserved 1048576K
}
Event: 12.547 GC heap after
{Heap after GC invocations=19 (full 0):
 garbage-first heap   total 33792K, used 18226K [0x00000000c3200000, 0x0000000100000000)
  region size 1024K, 2 young (2048K), 2 survivors (2048K)
 Metaspace       used 30025K, capacity 30494K, committed 30720K, reserved 1077248K
  class space    used 3100K, capacity 3222K, committed 3328K, reserved 1048576K
}
Event: 12.792 GC heap before
{Heap before GC invocations=19 (full 0):
 garbage-first heap   total 33792K, used 23346K [0x00000000c3200000, 0x0000000100000000)
  region size 1024K, 8 young (8192K), 2 survivors (2048K)
 Metaspace       used 30301K, capacity 30782K, committed 30976K, reserved 1077248K
  class space    used 3123K, capacity 3254K, committed 3328K, reserved 1048576K
}
Event: 12.798 GC heap after
{Heap after GC invocations=20 (full 0):
 garbage-first heap   total 33792K, used 20185K [0x00000000c3200000, 0x0000000100000000)
  region size 1024K, 1 young (1024K), 1 survivors (1024K)
 Metaspace       used 30301K, capacity 30782K, committed 30976K, reserved 1077248K
  class space    used 3123K, capacity 3254K, committed 3328K, reserved 1048576K
}

